ATFWD-daemon
adb
am
applypatch
applypatch_static
atrace
b2g-info
b2g-prlimit
b2g-procrank
b2g-ps
b2g.sh
bdAddrLoader
bdt
blkid
bluetoothd
bmgr
bootanimation
bridgemgrd
btnvtool
bu
bugreport
cat
chcon
check_prereq
chmod
chown
cjpeg
clear
cmp
conn_init
content
corrupt_gdt_free_blocks
cp
date
dd
debuggerd
df
dhcpcd
diag_klog
diag_mdlog
djpeg
dmesg
dnsmasq
drmserver
ds_fmc_appd
du
dumpstate
dumpsys
e2fsck
efsks
fakeappops
flash_image
gdbserver
getenforce
getevent
getprop
getsebool
gonksched
grep
gzip
hci_qcomm_init
hd
hostapd
hostapd_cli
id
ifconfig
iftop
ime
input
insmod
installd
ioctl
ionice
ip
ip6tables
iptables
keystore
keystore_cli
kill
killer
ks
linker
ln
load_policy
log
logcat
logwrapper
ls
lsmod
lsof
make_ext4fs
md5
mdnsd
media
mediaserver
mkdir
mksh
mkswap
mm-qcamera-daemon
mount
mpdecision
mv
nandread
ndc
netcfg
netd
netmgrd
netstat
newfs_msdos
nfcd
nl_listener
notify
pm
pngtest
port-bridge
printenv
ps
qcks
qmuxd
qseecomd
r
racoon
radiooptions
radish
readlink
reboot
recovery
renice
requestsync
restorecon
rild
rilproxy
rm
rmdir
rmmod
rmt_storage
route
run-as
runcon
schedtest
schedtop
screencap
screenrecord
screenshot
sdcard
sendevent
sensors.qcom
sensorservice
service
servicemanager
set_ext4_err_bit
setconsole
setenforce
setprop
setsebool
settings
sh
showlease
skia_test
sleep
smd
start
stop
svc
swapoff
swapon
sync
tc
thermald
toolbox
top
touch
umount
updater
uptime
usbhub
usbhub_init
v4l2-qcamera-app
vdc
vmstat
vold
watchprops
wipe
wm
wpa_cli
wpa_supplicant
